Arguments: 
  E:\Web\Node\node.exe C:\Users\Neteraxe\AppData\Roaming\npm\node_modules\yarn\bin\yarn.js add minivaline

PATH: 
  C:\WINDOWS\system32;C:\WINDOWS;C:\WINDOWS\System32\Wbem;C:\WINDOWS\System32\WindowsPowerShell\v1.0\;C:\WINDOWS\System32\OpenSSH\;F:\Git\bin;F:\Python\Scripts;F:\Python\;F:\AndroidLocal\platform-tools;F:\Git\usr\bin\;G:\Metasploit\metasploit-framework\bin\;F:\Android\jre\bin;F:\VS\IDE\VC\Tools\MSVC\14.26.28801\bin\Hostx64\x86;G:\Tool\docker-compose-trans\bin\;F:\Web\Node\;C:\Users\Neteraxe\AppData\Roaming\nvm;C:\Program Files\nodejs;E:\Web\Node\;C:\Users\Neteraxe\.cargo\bin;C:\Users\Neteraxe\AppData\Local\Microsoft\WindowsApps;G:\Tool\Nmap;F:\Microsoft VS Code\bin;C:\Users\Neteraxe\AppData\Roaming\npm

Yarn version: 
  1.22.4

Node version: 
  12.18.2

Platform: 
  win32 x64

Trace: 
  Error: ENOENT: no such file or directory, copyfile 'C:\Users\Neteraxe\AppData\Local\Yarn\Cache\v6\npm-emojis-list-2.1.0-4daa4d9db00f9819880c79fa457ae5b09a1fd389-integrity\node_modules\emojis-list\CHANGELOG.md' -> 'E:\web\Project\blog\node_modules\adjust-sourcemap-loader\node_modules\emojis-list\CHANGELOG.md'

npm manifest: 
  {
    "name": "material-ui-demo-blog",
    "version": "4.0.0",
    "private": true,
    "scripts": {
      "start": "react-scripts start",
      "build": "react-scripts build",
      "test": "react-scripts test",
      "coverage": "react-scripts test --coverage",
      "eject": "react-scripts eject"
    },
    "dependencies": {
      "@material-ui/core": "latest",
      "@material-ui/icons": "^4.2.1",
      "@material-ui/styles": "^4.3.0",
      "markdown-to-jsx": "^6.10.3",
      "react": "latest",
      "react-dom": "latest",
      "react-router-dom": "^5.0.1",
      "react-scripts": "^3.4.1",
      "react-transition-group": "^4.2.2"
    },
    "browserslist": {
      "production": [
        ">0.2%",
        "not dead",
        "not op_mini all"
      ],
      "development": [
        "last 1 chrome version",
        "last 1 firefox version",
        "last 1 safari version"
      ]
    },
    "devDependencies": {
      "enzyme": "^3.10.0",
      "enzyme-adapter-react-16": "^1.14.0"
    }
  }

yarn manifest: 
  No manifest

Lockfile: 
  # THIS IS AN AUTOGENERATED FILE. DO NOT EDIT THIS FILE DIRECTLY.
  # yarn lockfile v1
  
  
  "@babel/runtime@^7.1.2", "@babel/runtime@^7.2.0", "@babel/runtime@^7.3.1", "@babel/runtime@^7.4.0", "@babel/runtime@^7.4.4", "@babel/runtime@^7.4.5", "@babel/runtime@^7.5.5":
    version "7.5.5"
    resolved "https://registry.yarnpkg.com/@babel/runtime/-/runtime-7.5.5.tgz#74fba56d35efbeca444091c7850ccd494fd2f132"
    integrity sha512-28QvEGyQyNkB0/m2B4FU7IEZGK2NUrcMtT6BZEFALTguLk+AUT6ofsHtPk5QyjAdUkpMJ+/Em+quwz4HOt30AQ==
    dependencies:
      regenerator-runtime "^0.13.2"
  
  "@emotion/hash@^0.7.1":
    version "0.7.2"
    resolved "https://registry.yarnpkg.com/@emotion/hash/-/hash-0.7.2.tgz#53211e564604beb9befa7a4400ebf8147473eeef"
    integrity sha512-RMtr1i6E8MXaBWwhXL3yeOU8JXRnz8GNxHvaUfVvwxokvayUY0zoBeWbKw1S9XkufmGEEdQd228pSZXFkAln8Q==
  
  "@material-ui/core@latest":
    version "4.3.2"
    resolved "https://registry.yarnpkg.com/@material-ui/core/-/core-4.3.2.tgz#ca21c4c077035c0a03192f7bcef4728c584de71b"
    integrity sha512-TLKEUw3/R/pOInnJkx0x78zqMos34SPL3HfuRRZMxInRQ6AKUlyglOFyvSwFITknTmc8AGRFknGpZt05g2XFTg==
    dependencies:
      "@babel/runtime" "^7.4.4"
      "@material-ui/styles" "^4.3.0"
      "@material-ui/system" "^4.3.3"
      "@material-ui/types" "^4.1.1"
      "@material-ui/utils" "^4.3.0"
      "@types/react-transition-group" "^4.2.0"
      clsx "^1.0.2"
      convert-css-length "^2.0.1"
      deepmerge "^4.0.0"
      hoist-non-react-statics "^3.2.1"
      is-plain-object "^3.0.0"
      normalize-scroll-left "^0.2.0"
      popper.js "^1.14.1"
      prop-types "^15.7.2"
      react-transition-group "^4.0.0"
      warning "^4.0.1"
  
  "@material-ui/icons@^4.2.1":
    version "4.2.1"
    resolved "https://registry.yarnpkg.com/@material-ui/icons/-/icons-4.2.1.tgz#fe2f1c4f60c24256d244a69d86d0c00e8ed4037e"
    integrity sha512-FvSD5lUBJ66frI4l4AYAPy2CH14Zs2Dgm0o3oOMr33BdQtOAjCgbdOcvPBeaD1w6OQl31uNW3CKOE8xfPNxvUQ==
    dependencies:
      "@babel/runtime" "^7.2.0"
  
  "@material-ui/styles@^4.3.0":
    version "4.3.0"
    resolved "https://registry.yarnpkg.com/@material-ui/styles/-/styles-4.3.0.tgz#27f11fbf061d8a20ad5703acb0dbb0e69cc00345"
    integrity sha512-7yOu+IOvbTVM+LfFJ0c7RZKksSpi2PmPwMhVnAKo1Ca3Nadjd950ALL6WG+R/W3C3GqakUvOqA5OLMvN/8N2jg==
    dependencies:
      "@babel/runtime" "^7.4.4"
      "@emotion/hash" "^0.7.1"
      "@material-ui/types" "^4.1.1"
      "@material-ui/utils" "^4.1.0"
      clsx "^1.0.2"
      csstype "^2.5.2"
      deepmerge "^4.0.0"
      hoist-non-react-statics "^3.2.1"
      jss "10.0.0-alpha.23"
      jss-plugin-camel-case "10.0.0-alpha.23"
      jss-plugin-default-unit "10.0.0-alpha.23"
      jss-plugin-global "10.0.0-alpha.23"
      jss-plugin-nested "10.0.0-alpha.23"
      jss-plugin-props-sort "10.0.0-alpha.23"
      jss-plugin-rule-value-function "10.0.0-alpha.23"
      jss-plugin-vendor-prefixer "10.0.0-alpha.23"
      prop-types "^15.7.2"
      warning "^4.0.1"
  
  "@material-ui/system@^4.3.3":
    version "4.3.3"
    resolved "https://registry.yarnpkg.com/@material-ui/system/-/system-4.3.3.tgz#8534fe76adbd3938a8dea833e69d84a7a143ecff"
    integrity sha512-j7JyvlhcTdc1wV6HzrDTU7XXlarxYXEUyzyHawOA0kCGmYVN2uFHENQRARLUdl+mEmuXO4TsAhNAiqiKakkFMg==
    dependencies:
      "@babel/runtime" "^7.4.4"
      deepmerge "^4.0.0"
      prop-types "^15.7.2"
      warning "^4.0.1"
  
  "@material-ui/types@^4.1.1":
    version "4.1.1"
    resolved "https://registry.yarnpkg.com/@material-ui/types/-/types-4.1.1.tgz#b65e002d926089970a3271213a3ad7a21b17f02b"
    integrity sha512-AN+GZNXytX9yxGi0JOfxHrRTbhFybjUJ05rnsBVjcB+16e466Z0Xe5IxawuOayVZgTBNDxmPKo5j4V6OnMtaSQ==
    dependencies:
      "@types/react" "*"
  
  "@material-ui/utils@^4.1.0", "@material-ui/utils@^4.3.0":
    version "4.3.0"
    resolved "https://registry.yarnpkg.com/@material-ui/utils/-/utils-4.3.0.tgz#ea7f09815c792e80f270ef8b916517c3f9caba13"
    integrity sha512-tK3Z/ap5ifPQwIryuGQ+AHLh2hEyBLRPj4NCMcqVrQfD+0KH2IP5BXR4A+wGVsyamKfLaOc8tz1fzxZblsztpw==
    dependencies:
      "@babel/runtime" "^7.4.4"
      prop-types "^15.7.2"
      react-is "^16.8.6"
  
  "@types/node@*":
    version "12.7.2"
    resolved "https://registry.yarnpkg.com/@types/node/-/node-12.7.2.tgz#c4e63af5e8823ce9cc3f0b34f7b998c2171f0c44"
    integrity sha512-dyYO+f6ihZEtNPDcWNR1fkoTDf3zAK3lAABDze3mz6POyIercH0lEUawUFXlG8xaQZmm1yEBON/4TsYv/laDYg==
  
  "@types/prop-types@*":
    version "15.7.1"
    resolved "https://registry.yarnpkg.com/@types/prop-types/-/prop-types-15.7.1.tgz#f1a11e7babb0c3cad68100be381d1e064c68f1f6"
    integrity sha512-CFzn9idOEpHrgdw8JsoTkaDDyRWk1jrzIV8djzcgpq0y9tG4B4lFT+Nxh52DVpDXV+n4+NPNv7M1Dj5uMp6XFg==
  
  "@types/react-transition-group@^4.2.0":
    version "4.2.2"
    resolved "https://registry.yarnpkg.com/@types/react-transition-group/-/react-transition-group-4.2.2.tgz#8c851c4598a23a3a34173069fb4c5c9e41c02e3f"
    integrity sha512-YfoaTNqBwbIqpiJ5NNfxfgg5kyFP1Hqf/jqBtSWNv0E+EkkxmN+3VD6U2fu86tlQvdAc1o0SdWhnWFwcRMTn9A==
    dependencies:
      "@types/react" "*"
  
  "@types/react@*":
    version "16.9.2"
    resolved "https://registry.yarnpkg.com/@types/react/-/react-16.9.2.tgz#6d1765431a1ad1877979013906731aae373de268"
    integrity sha512-jYP2LWwlh+FTqGd9v7ynUKZzjj98T8x7Yclz479QdRhHfuW9yQ+0jjnD31eXSXutmBpppj5PYNLYLRfnZJvcfg==
    dependencies:
      "@types/prop-types" "*"
      csstype "^2.2.0"
  
  airbnb-prop-types@^2.13.2:
    version "2.15.0"
    resolved "https://registry.yarnpkg.com/airbnb-prop-types/-/airbnb-prop-types-2.15.0.tgz#5287820043af1eb469f5b0af0d6f70da6c52aaef"
    integrity sha512-jUh2/hfKsRjNFC4XONQrxo/n/3GG4Tn6Hl0WlFQN5PY9OMC9loSCoAYKnZsWaP8wEfd5xcrPloK0Zg6iS1xwVA==
    dependencies:
      array.prototype.find "^2.1.0"
      function.prototype.name "^1.1.1"
      has "^1.0.3"
      is-regex "^1.0.4"
      object-is "^1.0.1"
      object.assign "^4.1.0"
      object.entries "^1.1.0"
      prop-types "^15.7.2"
      prop-types-exact "^1.2.0"
      react-is "^16.9.0"
  
  array-filter@^1.0.0:
    version "1.0.0"
    resolved "https://registry.yarnpkg.com/array-filter/-/array-filter-1.0.0.tgz#baf79e62e6ef4c2a4c0b831232daffec251f9d83"
    integrity sha1-uveeYubvTCpMC4MSMtr/7CUfnYM=
  
  array.prototype.find@^2.1.0:
    version "2.1.0"
    resolved "https://registry.yarnpkg.com/array.prototype.find/-/array.prototype.find-2.1.0.tgz#630f2eaf70a39e608ac3573e45cf8ccd0ede9ad7"
    integrity sha512-Wn41+K1yuO5p7wRZDl7890c3xvv5UBrfVXTVIe28rSQb6LS0fZMDrQB6PAcxQFRFy6vJTLDc3A2+3CjQdzVKRg==
    dependencies:
      define-properties "^1.1.3"
      es-abstract "^1.13.0"
  
  array.prototype.flat@^1.2.1:
    version "1.2.1"
    resolved "https://registry.yarnpkg.com/array.prototype.flat/-/array.prototype.flat-1.2.1.tgz#812db8f02cad24d3fab65dd67eabe3b8903494a4"
    integrity sha512-rVqIs330nLJvfC7JqYvEWwqVr5QjYF1ib02i3YJtR/fICO6527Tjpc/e4Mvmxh3GIePPreRXMdaGyC99YphWEw==
    dependencies:
      define-properties "^1.1.2"
      es-abstract "^1.10.0"
      function-bind "^1.1.1"
  
  boolbase@~1.0.0:
    version "1.0.0"
    resolved "https://registry.yarnpkg.com/boolbase/-/boolbase-1.0.0.tgz#68dff5fbe60c51eb37725ea9e3ed310dcc1e776e"
    integrity sha1-aN/1++YMUes3cl6p4+0xDcwed24=
  
  cheerio@^1.0.0-rc.2:
    version "1.0.0-rc.3"
    resolved "https://registry.yarnpkg.com/cheerio/-/cheerio-1.0.0-rc.3.tgz#094636d425b2e9c0f4eb91a46c05630c9a1a8bf6"
    integrity sha512-0td5ijfUPuubwLUu0OBoe98gZj8C/AA+RW3v67GPlGOrvxWjZmBXiBCRU+I8VEiNyJzjth40POfHiz2RB3gImA==
    dependencies:
      css-select "~1.2.0"
      dom-serializer "~0.1.1"
      entities "~1.1.1"
      htmlparser2 "^3.9.1"
      lodash "^4.15.0"
      parse5 "^3.0.1"
  
  clsx@^1.0.2:
    version "1.0.4"
    resolved "https://registry.yarnpkg.com/clsx/-/clsx-1.0.4.tgz#0c0171f6d5cb2fe83848463c15fcc26b4df8c2ec"
    integrity sha512-1mQ557MIZTrL/140j+JVdRM6e31/OA4vTYxXgqIIZlndyfjHpyawKZia1Im05Vp9BWmImkcNrNtFYQMyFcgJDg==
  
  commander@^2.19.0:
    version "2.20.0"
    resolved "https://registry.yarnpkg.com/commander/-/commander-2.20.0.tgz#d58bb2b5c1ee8f87b0d340027e9e94e222c5a422"
    integrity sha512-7j2y+40w61zy6YC2iRNpUe/NwhNyoXrYpHMrSunaMG64nRnaf96zO/KMQR4OyN/UnE5KLyEBnKHd4aG3rskjpQ==
  
  convert-css-length@^2.0.1:
    version "2.0.1"
    resolved "https://registry.yarnpkg.com/convert-css-length/-/convert-css-length-2.0.1.tgz#90a76bde5bfd24d72881a5b45d02249b2c1d257c"
    integrity sha512-iGpbcvhLPRKUbBc0Quxx7w/bV14AC3ItuBEGMahA5WTYqB8lq9jH0kTXFheCBASsYnqeMFZhiTruNxr1N59Axg==
  
  css-select@~1.2.0:
    version "1.2.0"
    resolved "https://registry.yarnpkg.com/css-select/-/css-select-1.2.0.tgz#2b3a110539c5355f1cd8d314623e870b121ec858"
    integrity sha1-KzoRBTnFNV8c2NMUYj6HCxIeyFg=
    dependencies:
      boolbase "~1.0.0"
      css-what "2.1"
      domutils "1.5.1"
      nth-check "~1.0.1"
  
  css-vendor@^2.0.5:
    version "2.0.6"
    resolved "https://registry.yarnpkg.com/css-vendor/-/css-vendor-2.0.6.tgz#a205f73d7562e8728c86ef6ce5ee7c7e5eefd71b"
    integrity sha512-buv8FoZh84iMrtPHYGYll00/qSNV0gYO6E/GUCjUPTsSPj7uf/wot/QZwig+7qdFGxJ7HjOSJoclbhag09TVUQ==
    dependencies:
      "@babel/runtime" "^7.5.5"
      is-in-browser "^1.0.2"
  
  css-what@2.1:
    version "2.1.3"
    resolved "https://registry.yarnpkg.com/css-what/-/css-what-2.1.3.tgz#a6d7604573365fe74686c3f311c56513d88285f2"
    integrity sha512-a+EPoD+uZiNfh+5fxw2nO9QwFa6nJe2Or35fGY6Ipw1R3R4AGz1d1TEZrCegvw2YTmZ0jXirGYlzxxpYSHwpEg==
  
  csstype@^2.2.0, csstype@^2.5.2, csstype@^2.6.5:
    version "2.6.6"
    resolved "https://registry.yarnpkg.com/csstype/-/csstype-2.6.6.tgz#c34f8226a94bbb10c32cc0d714afdf942291fc41"
    integrity sha512-RpFbQGUE74iyPgvr46U9t1xoQBM8T4BL8SxrN66Le2xYAPSaDJJKeztV3awugusb3g3G9iL8StmkBBXhcbbXhg==
  
  deepmerge@^4.0.0:
    version "4.0.0"
    resolved "https://registry.yarnpkg.com/deepmerge/-/deepmerge-4.0.0.tgz#3e3110ca29205f120d7cb064960a39c3d2087c09"
    integrity sha512-YZ1rOP5+kHor4hMAH+HRQnBQHg+wvS1un1hAOuIcxcBy0hzcUf6Jg2a1w65kpoOUnurOfZbERwjI1TfZxNjcww==
  
  define-properties@^1.1.2, define-properties@^1.1.3:
    version "1.1.3"
    resolved "https://registry.yarnpkg.com/define-properties/-/define-properties-1.1.3.tgz#cf88da6cbee26fe6db7094f61d870cbd84cee9f1"
    integrity sha512-3MqfYKj2lLzdMSf8ZIZE/V+Zuy+BgD6f164e8K2w7dgnpKArBDerGYpM46IYYcjnkdPNMjPk9A6VFB8+3SKlXQ==
    dependencies:
      object-keys "^1.0.12"
  
  discontinuous-range@1.0.0:
    version "1.0.0"
    resolved "https://registry.yarnpkg.com/discontinuous-range/-/discontinuous-range-1.0.0.tgz#e38331f0844bba49b9a9cb71c771585aab1bc65a"
    integrity sha1-44Mx8IRLukm5qctxx3FYWqsbxlo=
  
  dom-helpers@^3.4.0:
    version "3.4.0"
    resolved "https://registry.yarnpkg.com/dom-helpers/-/dom-helpers-3.4.0.tgz#e9b369700f959f62ecde5a6babde4bccd9169af8"
    integrity sha512-LnuPJ+dwqKDIyotW1VzmOZ5TONUN7CwkCR5hrgawTUbkBGYdeoNLZo6nNfGkCrjtE1nXXaj7iMMpDa8/d9WoIA==
    dependencies:
      "@babel/runtime" "^7.1.2"
  
  dom-serializer@0:
    version "0.2.1"
    resolved "https://registry.yarnpkg.com/dom-serializer/-/dom-serializer-0.2.1.tgz#13650c850daffea35d8b626a4cfc4d3a17643fdb"
    integrity sha512-sK3ujri04WyjwQXVoK4PU3y8ula1stq10GJZpqHIUgoGZdsGzAGu65BnU3d08aTVSvO7mGPZUc0wTEDL+qGE0Q==
    dependencies:
      domelementtype "^2.0.1"
      entities "^2.0.0"
  
  dom-serializer@~0.1.1:
    version "0.1.1"
    resolved "https://registry.yarnpkg.com/dom-serializer/-/dom-serializer-0.1.1.tgz#1ec4059e284babed36eec2941d4a970a189ce7c0"
    integrity sha512-l0IU0pPzLWSHBcieZbpOKgkIn3ts3vAh7ZuFyXNwJxJXk/c4Gwj9xaTJwIDVQCXawWD0qb3IzMGH5rglQaO0XA==
    dependencies:
      domelementtype "^1.3.0"
      entities "^1.1.1"
  
  domelementtype@1, domelementtype@^1.3.0, domelementtype@^1.3.1:
    version "1.3.1"
    resolved "https://registry.yarnpkg.com/domelementtype/-/domelementtype-1.3.1.tgz#d048c44b37b0d10a7f2a3d5fee3f4333d790481f"
    integrity sha512-BSKB+TSpMpFI/HOxCNr1O8aMOTZ8hT3pM3GQ0w/mWRmkhEDSFJkkyzz4XQsBV44BChwGkrDfMyjVD0eA2aFV3w==
  
  domelementtype@^2.0.1:
    version "2.0.1"
    resolved "https://registry.yarnpkg.com/domelementtype/-/domelementtype-2.0.1.tgz#1f8bdfe91f5a78063274e803b4bdcedf6e94f94d"
    integrity sha512-5HOHUDsYZWV8FGWN0Njbr/Rn7f/eWSQi1v7+HsUVwXgn8nWWlL64zKDkS0n8ZmQ3mlWOMuXOnR+7Nx/5tMO5AQ==
  
  domhandler@^2.3.0:
    version "2.4.2"
    resolved "https://registry.yarnpkg.com/domhandler/-/domhandler-2.4.2.tgz#8805097e933d65e85546f726d60f5eb88b44f803"
    integrity sha512-JiK04h0Ht5u/80fdLMCEmV4zkNh2BcoMFBmZ/91WtYZ8qVXSKjiw7fXMgFPnHcSZgOo3XdinHvmnDUeMf5R4wA==
    dependencies:
      domelementtype "1"
  
  domutils@1.5.1:
    version "1.5.1"
    resolved "https://registry.yarnpkg.com/domutils/-/domutils-1.5.1.tgz#dcd8488a26f563d61079e48c9f7b7e32373682cf"
    integrity sha1-3NhIiib1Y9YQeeSMn3t+Mjc2gs8=
    dependencies:
      dom-serializer "0"
      domelementtype "1"
  
  domutils@^1.5.1:
    version "1.7.0"
    resolved "https://registry.yarnpkg.com/domutils/-/domutils-1.7.0.tgz#56ea341e834e06e6748af7a1cb25da67ea9f8c2a"
    integrity sha512-Lgd2XcJ/NjEw+7tFvfKxOzCYKZsdct5lczQ2ZaQY8Djz7pfAD3Gbp8ySJWtreII/vDlMVmxwa6pHmdxIYgttDg==
    dependencies:
      dom-serializer "0"
      domelementtype "1"
  
  entities@^1.1.1, entities@~1.1.1:
    version "1.1.2"
    resolved "https://registry.yarnpkg.com/entities/-/entities-1.1.2.tgz#bdfa735299664dfafd34529ed4f8522a275fea56"
    integrity sha512-f2LZMYl1Fzu7YSBKg+RoROelpOaNrcGmE9AZubeDfrCEia483oW4MI4VyFd5VNHIgQ/7qm1I0wUHK1eJnn2y2w==
  
  entities@^2.0.0:
    version "2.0.0"
    resolved "https://registry.yarnpkg.com/entities/-/entities-2.0.0.tgz#68d6084cab1b079767540d80e56a39b423e4abf4"
    integrity sha512-D9f7V0JSRwIxlRI2mjMqufDrRDnx8p+eEOz7aUM9SuvF8gsBzra0/6tbjl1m8eQHrZlYj6PxqE00hZ1SAIKPLw==
  
  enzyme-adapter-react-16@^1.14.0:
    version "1.14.0"
    resolved "https://registry.yarnpkg.com/enzyme-adapter-react-16/-/enzyme-adapter-react-16-1.14.0.tgz#204722b769172bcf096cb250d33e6795c1f1858f"
    integrity sha512-7PcOF7pb4hJUvjY7oAuPGpq3BmlCig3kxXGi2kFx0YzJHppqX1K8IIV9skT1IirxXlu8W7bneKi+oQ10QRnhcA==
    dependencies:
      enzyme-adapter-utils "^1.12.0"
      has "^1.0.3"
      object.assign "^4.1.0"
      object.values "^1.1.0"
      prop-types "^15.7.2"
      react-is "^16.8.6"
      react-test-renderer "^16.0.0-0"
      semver "^5.7.0"
  
  enzyme-adapter-utils@^1.12.0:
    version "1.12.0"
    resolved "https://registry.yarnpkg.com/enzyme-adapter-utils/-/enzyme-adapter-utils-1.12.0.tgz#96e3730d76b872f593e54ce1c51fa3a451422d93"
    integrity sha512-wkZvE0VxcFx/8ZsBw0iAbk3gR1d9hK447ebnSYBf95+r32ezBq+XDSAvRErkc4LZosgH8J7et7H7/7CtUuQfBA==
    dependencies:
      airbnb-prop-types "^2.13.2"
      function.prototype.name "^1.1.0"
      object.assign "^4.1.0"
      object.fromentries "^2.0.0"
      prop-types "^15.7.2"
      semver "^5.6.0"
  
  enzyme@^3.10.0:
    version "3.10.0"
    resolved "https://registry.yarnpkg.com/enzyme/-/enzyme-3.10.0.tgz#7218e347c4a7746e133f8e964aada4a3523452f6"
    integrity sha512-p2yy9Y7t/PFbPoTvrWde7JIYB2ZyGC+NgTNbVEGvZ5/EyoYSr9aG/2rSbVvyNvMHEhw9/dmGUJHWtfQIEiX9pg==
    dependencies:
      array.prototype.flat "^1.2.1"
      cheerio "^1.0.0-rc.2"
      function.prototype.name "^1.1.0"
      has "^1.0.3"
      html-element-map "^1.0.0"
      is-boolean-object "^1.0.0"
      is-callable "^1.1.4"
      is-number-object "^1.0.3"
      is-regex "^1.0.4"
      is-string "^1.0.4"
      is-subset "^0.1.1"
      lodash.escape "^4.0.1"
      lodash.isequal "^4.5.0"
      object-inspect "^1.6.0"
      object-is "^1.0.1"
      object.assign "^4.1.0"
      object.entries "^1.0.4"
      object.values "^1.0.4"
      raf "^3.4.0"
      rst-selector-parser "^2.2.3"
      string.prototype.trim "^1.1.2"
  
  es-abstract@^1.10.0, es-abstract@^1.11.0, es-abstract@^1.12.0, es-abstract@^1.13.0:
    version "1.13.0"
    resolved "https://registry.yarnpkg.com/es-abstract/-/es-abstract-1.13.0.tgz#ac86145fdd5099d8dd49558ccba2eaf9b88e24e9"
    integrity sha512-vDZfg/ykNxQVwup/8E1BZhVzFfBxs9NqMzGcvIJrqg5k2/5Za2bWo40dK2J1pgLngZ7c+Shh8lwYtLGyrwPutg==
    dependencies:
      es-to-primitive "^1.2.0"
      function-bind "^1.1.1"
      has "^1.0.3"
      is-callable "^1.1.4"
      is-regex "^1.0.4"
      object-keys "^1.0.12"
  
  es-to-primitive@^1.2.0:
    version "1.2.0"
    resolved "https://registry.yarnpkg.com/es-to-primitive/-/es-to-primitive-1.2.0.tgz#edf72478033456e8dda8ef09e00ad9650707f377"
    integrity sha512-qZryBOJjV//LaxLTV6UC//WewneB3LcXOL9NP++ozKVXsIIIpm/2c13UDiD9Jp2eThsecw9m3jPqDwTyobcdbg==
    dependencies:
      is-callable "^1.1.4"
      is-date-object "^1.0.1"
      is-symbol "^1.0.2"
  
  function-bind@^1.1.1:
    version "1.1.1"
    resolved "https://registry.yarnpkg.com/function-bind/-/function-bind-1.1.1.tgz#a56899d3ea3c9bab874bb9773b7c5ede92f4895d"
    integrity sha512-yIovAzMX49sF8Yl58fSCWJ5svSLuaibPxXQJFLmBObTuCr0Mf1KiPopGM9NiFjiYBCbfaa2Fh6breQ6ANVTI0A==
  
  function.prototype.name@^1.1.0, function.prototype.name@^1.1.1:
    version "1.1.1"
    resolved "https://registry.yarnpkg.com/function.prototype.name/-/function.prototype.name-1.1.1.tgz#6d252350803085abc2ad423d4fe3be2f9cbda392"
    integrity sha512-e1NzkiJuw6xqVH7YSdiW/qDHebcmMhPNe6w+4ZYYEg0VA+LaLzx37RimbPLuonHhYGFGPx1ME2nSi74JiaCr/Q==
    dependencies:
      define-properties "^1.1.3"
      function-bind "^1.1.1"
      functions-have-names "^1.1.1"
      is-callable "^1.1.4"
  
  functions-have-names@^1.1.1:
    version "1.1.1"
    resolved "https://registry.yarnpkg.com/functions-have-names/-/functions-have-names-1.1.1.tgz#79d35927f07b8e7103d819fed475b64ccf7225ea"
    integrity sha512-U0kNHUoxwPNPWOJaMG7Z00d4a/qZVrFtzWJRaK8V9goaVOCXBSQSJpt3MYGNtkScKEBKovxLjnNdC9MlXwo5Pw==
  
  gud@^1.0.0:
    version "1.0.0"
    resolved "https://registry.yarnpkg.com/gud/-/gud-1.0.0.tgz#a489581b17e6a70beca9abe3ae57de7a499852c0"
    integrity sha512-zGEOVKFM5sVPPrYs7J5/hYEw2Pof8KCyOwyhG8sAF26mCAeUFAcYPu1mwB7hhpIP29zOIBaDqwuHdLp0jvZXjw==
  
  has-symbols@^1.0.0:
    version "1.0.0"
    resolved "https://registry.yarnpkg.com/has-symbols/-/has-symbols-1.0.0.tgz#ba1a8f1af2a0fc39650f5c850367704122063b44"
    integrity sha1-uhqPGvKg/DllD1yFA2dwQSIGO0Q=
  
  has@^1.0.1, has@^1.0.3:
    version "1.0.3"
    resolved "https://registry.yarnpkg.com/has/-/has-1.0.3.tgz#722d7cbfc1f6aa8241f16dd814e011e1f41e8796"
    integrity sha512-f2dvO0VU6Oej7RkWJGrehjbzMAjFp5/VKPp5tTpWIV4JHHZK1/BxbFRtf/siA2SWTe09caDmVtYYzWEIbBS4zw==
    dependencies:
      function-bind "^1.1.1"
  
  history@^4.9.0:
    version "4.9.0"
    resolved "https://registry.yarnpkg.com/history/-/history-4.9.0.tgz#84587c2068039ead8af769e9d6a6860a14fa1bca"
    integrity sha512-H2DkjCjXf0Op9OAr6nJ56fcRkTSNrUiv41vNJ6IswJjif6wlpZK0BTfFbi7qK9dXLSYZxkq5lBsj3vUjlYBYZA==
    dependencies:
      "@babel/runtime" "^7.1.2"
      loose-envify "^1.2.0"
      resolve-pathname "^2.2.0"
      tiny-invariant "^1.0.2"
      tiny-warning "^1.0.0"
      value-equal "^0.4.0"
  
  hoist-non-react-statics@^3.1.0, hoist-non-react-statics@^3.2.1:
    version "3.3.0"
    resolved "https://registry.yarnpkg.com/hoist-non-react-statics/-/hoist-non-react-statics-3.3.0.tgz#b09178f0122184fb95acf525daaecb4d8f45958b"
    integrity sha512-0XsbTXxgiaCDYDIWFcwkmerZPSwywfUqYmwT4jzewKTQSWoE6FCMoUVOeBJWK3E/CrWbxRG3m5GzY4lnIwGRBA==
    dependencies:
      react-is "^16.7.0"
  
  html-element-map@^1.0.0:
    version "1.1.0"
    resolved "https://registry.yarnpkg.com/html-element-map/-/html-element-map-1.1.0.tgz#e5aab9a834caf883b421f8bd9eaedcaac887d63c"
    integrity sha512-iqiG3dTZmy+uUaTmHarTL+3/A2VW9ox/9uasKEZC+R/wAtUrTcRlXPSaPqsnWPfIu8wqn09jQNwMRqzL54jSYA==
    dependencies:
      array-filter "^1.0.0"
  
  htmlparser2@^3.9.1:
    version "3.10.1"
    resolved "https://registry.yarnpkg.com/htmlparser2/-/htmlparser2-3.10.1.tgz#bd679dc3f59897b6a34bb10749c855bb53a9392f"
    integrity sha512-IgieNijUMbkDovyoKObU1DUhm1iwNYE/fuifEoEHfd1oZKZDaONBSkal7Y01shxsM49R4XaMdGez3WnF9UfiCQ==
    dependencies:
      domelementtype "^1.3.1"
      domhandler "^2.3.0"
      domutils "^1.5.1"
      entities "^1.1.1"
      inherits "^2.0.1"
      readable-stream "^3.1.1"
  
  hyphenate-style-name@^1.0.3:
    version "1.0.3"
    resolved "https://registry.yarnpkg.com/hyphenate-style-name/-/hyphenate-style-name-1.0.3.tgz#097bb7fa0b8f1a9cf0bd5c734cf95899981a9b48"
    integrity sha512-EcuixamT82oplpoJ2XU4pDtKGWQ7b00CD9f1ug9IaQ3p1bkHMiKCZ9ut9QDI6qsa6cpUuB+A/I+zLtdNK4n2DQ==
  
  inherits@^2.0.1, inherits@^2.0.3:
    version "2.0.4"
    resolved "https://registry.yarnpkg.com/inherits/-/inherits-2.0.4.tgz#0fa2c64f932917c3433a0ded55363aae37416b7c"
    integrity sha512-k/vGaX4/Yla3WzyMCvTQOXYeIHvqOKtnqBduzTHpzpQZzAskKMhZ2K+EnBiSM9zGSoIFeMpXKxa4dYeZIQqewQ==
  
  is-boolean-object@^1.0.0:
    version "1.0.0"
    resolved "https://registry.yarnpkg.com/is-boolean-object/-/is-boolean-object-1.0.0.tgz#98f8b28030684219a95f375cfbd88ce3405dff93"
    integrity sha1-mPiygDBoQhmpXzdc+9iM40Bd/5M=
  
  is-callable@^1.1.4:
    version "1.1.4"
    resolved "https://registry.yarnpkg.com/is-callable/-/is-callable-1.1.4.tgz#1e1adf219e1eeb684d691f9d6a05ff0d30a24d75"
    integrity sha512-r5p9sxJjYnArLjObpjA4xu5EKI3CuKHkJXMhT7kwbpUyIFD1n5PMAsoPvWnvtZiNz7LjkYDRZhd7FlI0eMijEA==
  
  is-date-object@^1.0.1:
    version "1.0.1"
    resolved "https://registry.yarnpkg.com/is-date-object/-/is-date-object-1.0.1.tgz#9aa20eb6aeebbff77fbd33e74ca01b33581d3a16"
    integrity sha1-mqIOtq7rv/d/vTPnTKAbM1gdOhY=
  
  is-in-browser@^1.0.2, is-in-browser@^1.1.3:
    version "1.1.3"
    resolved "https://registry.yarnpkg.com/is-in-browser/-/is-in-browser-1.1.3.tgz#56ff4db683a078c6082eb95dad7dc62e1d04f835"
    integrity sha1-Vv9NtoOgeMYILrldrX3GLh0E+DU=
  
  is-number-object@^1.0.3:
    version "1.0.3"
    resolved "https://registry.yarnpkg.com/is-number-object/-/is-number-object-1.0.3.tgz#f265ab89a9f445034ef6aff15a8f00b00f551799"
    integrity sha1-8mWrian0RQNO9q/xWo8AsA9VF5k=
  
  is-plain-object@^3.0.0:
    version "3.0.0"
    resolved "https://registry.yarnpkg.com/is-plain-object/-/is-plain-object-3.0.0.tgz#47bfc5da1b5d50d64110806c199359482e75a928"
    integrity sha512-tZIpofR+P05k8Aocp7UI/2UTa9lTJSebCXpFFoR9aibpokDj/uXBsJ8luUu0tTVYKkMU6URDUuOfJZ7koewXvg==
    dependencies:
      isobject "^4.0.0"
  
  is-regex@^1.0.4:
    version "1.0.4"
    resolved "https://registry.yarnpkg.com/is-regex/-/is-regex-1.0.4.tgz#5517489b547091b0930e095654ced25ee97e9491"
    integrity sha1-VRdIm1RwkbCTDglWVM7SXul+lJE=
    dependencies:
      has "^1.0.1"
  
  is-string@^1.0.4:
    version "1.0.4"
    resolved "https://registry.yarnpkg.com/is-string/-/is-string-1.0.4.tgz#cc3a9b69857d621e963725a24caeec873b826e64"
    integrity sha1-zDqbaYV9Yh6WNyWiTK7shzuCbmQ=
  
  is-subset@^0.1.1:
    version "0.1.1"
    resolved "https://registry.yarnpkg.com/is-subset/-/is-subset-0.1.1.tgz#8a59117d932de1de00f245fcdd39ce43f1e939a6"
    integrity sha1-ilkRfZMt4d4A8kX83TnOQ/HpOaY=
  
  is-symbol@^1.0.2:
    version "1.0.2"
    resolved "https://registry.yarnpkg.com/is-symbol/-/is-symbol-1.0.2.tgz#a055f6ae57192caee329e7a860118b497a950f38"
    integrity sha512-HS8bZ9ox60yCJLH9snBpIwv9pYUAkcuLhSA1oero1UB5y9aiQpRA8y2ex945AOtCZL1lJDeIk3G5LthswI46Lw==
    dependencies:
      has-symbols "^1.0.0"
  
  isarray@0.0.1:
    version "0.0.1"
    resolved "https://registry.yarnpkg.com/isarray/-/isarray-0.0.1.tgz#8a18acfca9a8f4177e09abfc6038939b05d1eedf"
    integrity sha1-ihis/Kmo9Bd+Cav8YDiTmwXR7t8=
  
  isobject@^4.0.0:
    version "4.0.0"
    resolved "https://registry.yarnpkg.com/isobject/-/isobject-4.0.0.tgz#3f1c9155e73b192022a80819bacd0343711697b0"
    integrity sha512-S/2fF5wH8SJA/kmwr6HYhK/RI/OkhD84k8ntalo0iJjZikgq1XFvR5M8NPT1x5F7fBwCG3qHfnzeP/Vh/ZxCUA==
  
  "js-tokens@^3.0.0 || ^4.0.0":
    version "4.0.0"
    resolved "https://registry.yarnpkg.com/js-tokens/-/js-tokens-4.0.0.tgz#19203fb59991df98e3a287050d4647cdeaf32499"
    integrity sha512-RdJUflcE3cUzKiMqQgsCu06FPu9UdIJO0beYbPhHN4k6apgJtifcoCtT9bcxOpYBtpD2kCM6Sbzg4CausW/PKQ==
  
  jss-plugin-camel-case@10.0.0-alpha.23:
    version "10.0.0-alpha.23"
    resolved "https://registry.yarnpkg.com/jss-plugin-camel-case/-/jss-plugin-camel-case-10.0.0-alpha.23.tgz#c4fe7c6f537acfbe617788464a69d89b1e9f10c3"
    integrity sha512-QaXi/t4Efx0BhwbVf6GCcpn/IDAP9cK/GJoWBoAIVM9BAj7RXBU0UifFojRbeDGDtpf5djDWCOMviydYiWYYWg==
    dependencies:
      "@babel/runtime" "^7.3.1"
      hyphenate-style-name "^1.0.3"
      jss "10.0.0-alpha.23"
  
  jss-plugin-default-unit@10.0.0-alpha.23:
    version "10.0.0-alpha.23"
    resolved "https://registry.yarnpkg.com/jss-plugin-default-unit/-/jss-plugin-default-unit-10.0.0-alpha.23.tgz#826b8d9e7d35af86331279acd9c2d3647aaf0365"
    integrity sha512-XE4CcrQMF2rI6TL+/bJUDVlmgIqOax8uCPLZxZnqUFTbH0cM9f66OhRIe51yECfAb1nAiHalZtkUv2kfycLVjQ==
    dependencies:
      "@babel/runtime" "^7.3.1"
      jss "10.0.0-alpha.23"
  
  jss-plugin-global@10.0.0-alpha.23:
    version "10.0.0-alpha.23"
    resolved "https://registry.yarnpkg.com/jss-plugin-global/-/jss-plugin-global-10.0.0-alpha.23.tgz#b8343c313c31e4a55310a446b1ffe3f83b5dc5af"
    integrity sha512-uaoO4yp24dtvKiMd8fLzy2Of3rDSzA9e1y8mHw4vNDTPDSF39pYfpAxxnGnvRadsAVlZGgj4Ro+LveLz8ZUHgw==
    dependencies:
      "@babel/runtime" "^7.3.1"
      jss "10.0.0-alpha.23"
  
  jss-plugin-nested@10.0.0-alpha.23:
    version "10.0.0-alpha.23"
    resolved "https://registry.yarnpkg.com/jss-plugin-nested/-/jss-plugin-nested-10.0.0-alpha.23.tgz#43735395cabc7252398ffa9efa3c7234aea15f06"
    integrity sha512-xHoBBUz9U8INvizthl0k9u79z+ObzY0HvzPy7+BKxySQzHSTLG40iRYizJo7Antq7uH8i8uI/5RgS/7dy+YVSQ==
    dependencies:
      "@babel/runtime" "^7.3.1"
      jss "10.0.0-alpha.23"
      tiny-warning "^1.0.2"
  
  jss-plugin-props-sort@10.0.0-alpha.23:
    version "10.0.0-alpha.23"
    resolved "https://registry.yarnpkg.com/jss-plugin-props-sort/-/jss-plugin-props-sort-10.0.0-alpha.23.tgz#8955d6f37c923e1193a9a2cbcba13a85d2428e8c"
    integrity sha512-/h6epoQ/ta61e6rG3/Pq47qPlg9YX5t2rSKJBLzaASEe/KfxjVvnbJKC8tE27lG6TjwbeWpKONuJfZxjWKLnDg==
    dependencies:
      "@babel/runtime" "^7.3.1"
      jss "10.0.0-alpha.23"
  
  jss-plugin-rule-value-function@10.0.0-alpha.23:
    version "10.0.0-alpha.23"
    resolved "https://registry.yarnpkg.com/jss-plugin-rule-value-function/-/jss-plugin-rule-value-function-10.0.0-alpha.23.tgz#3dab866811005761cbae06a2bc2bc0b1c99f3fb4"
    integrity sha512-N0g7x6RzeEj+GI5303JOUTyo5x7/F+0SRJv3R0lAUSS782mZipcvpFzHlEz3q5g+0t/bhbOLT6i0RYAhN3IW7g==
    dependencies:
      "@babel/runtime" "^7.3.1"
      jss "10.0.0-alpha.23"
  
  jss-plugin-vendor-prefixer@10.0.0-alpha.23:
    version "10.0.0-alpha.23"
    resolved "https://registry.yarnpkg.com/jss-plugin-vendor-prefixer/-/jss-plugin-vendor-prefixer-10.0.0-alpha.23.tgz#93a8026f260666c679074590fd4191862fabb64d"
    integrity sha512-WtTXR+H1tGGhmEP3kqDawxnV1tbXboxtJ93A1O9p+7OLseafIaQoPkMPKEh5a+P4jzETIqmQoJJoG5KmT/Tgsg==
    dependencies:
      "@babel/runtime" "^7.3.1"
      css-vendor "^2.0.5"
      jss "10.0.0-alpha.23"
  
  jss@10.0.0-alpha.23:
    version "10.0.0-alpha.23"
    resolved "https://registry.yarnpkg.com/jss/-/jss-10.0.0-alpha.23.tgz#8a866cc49513b1558b1a2c0504a4b592079c0ff8"
    integrity sha512-r3fg6nrNdqxhaE4s3ZkyEmpVTb2UUmSu0uhKrvfSAy+N45MmlLmhgyFFaUyJOvFJzm69XYXM2Q62VhGccV6qMA==
    dependencies:
      "@babel/runtime" "^7.3.1"
      csstype "^2.6.5"
      is-in-browser "^1.1.3"
      tiny-warning "^1.0.2"
  
  lodash.escape@^4.0.1:
    version "4.0.1"
    resolved "https://registry.yarnpkg.com/lodash.escape/-/lodash.escape-4.0.1.tgz#c9044690c21e04294beaa517712fded1fa88de98"
    integrity sha1-yQRGkMIeBClL6qUXcS/e0fqI3pg=
  
  lodash.flattendeep@^4.4.0:
    version "4.4.0"
    resolved "https://registry.yarnpkg.com/lodash.flattendeep/-/lodash.flattendeep-4.4.0.tgz#fb030917f86a3134e5bc9bec0d69e0013ddfedb2"
    integrity sha1-+wMJF/hqMTTlvJvsDWngAT3f7bI=
  
  lodash.isequal@^4.5.0:
    version "4.5.0"
    resolved "https://registry.yarnpkg.com/lodash.isequal/-/lodash.isequal-4.5.0.tgz#415c4478f2bcc30120c22ce10ed3226f7d3e18e0"
    integrity sha1-QVxEePK8wwEgwizhDtMib30+GOA=
  
  lodash@^4.15.0:
    version "4.17.15"
    resolved "https://registry.yarnpkg.com/lodash/-/lodash-4.17.15.tgz#b447f6670a0455bbfeedd11392eff330ea097548"
    integrity sha512-8xOcRHvCjnocdS5cpwXQXVzmmh5e5+saE2QGoeQmbKmRS6J3VQppPOIt0MnmE+4xlZoumy0GPG0D0MVIQbNA1A==
  
  loose-envify@^1.0.0, loose-envify@^1.1.0, loose-envify@^1.2.0, loose-envify@^1.3.1, loose-envify@^1.4.0:
    version "1.4.0"
    resolved "https://registry.yarnpkg.com/loose-envify/-/loose-envify-1.4.0.tgz#71ee51fa7be4caec1a63839f7e682d8132d30caf"
    integrity sha512-lyuxPGr/Wfhrlem2CL/UcnUc1zcqKAImBDzukY7Y5F/yQiNdko6+fRLevlw1HgMySw7f611UIY408EtxRSoK3Q==
    dependencies:
      js-tokens "^3.0.0 || ^4.0.0"
  
  markdown-to-jsx@^6.10.3:
    version "6.10.3"
    resolved "https://registry.yarnpkg.com/markdown-to-jsx/-/markdown-to-jsx-6.10.3.tgz#7f0946684acd321125ff2de7fd258a9b9c7c40b7"
    integrity sha512-PSoUyLnW/xoW6RsxZrquSSz5eGEOTwa15H5eqp3enmrp8esmgDJmhzd6zmQ9tgAA9TxJzx1Hmf3incYU/IamoQ==
    dependencies:
      prop-types "^15.6.2"
      unquote "^1.1.0"
  
  mini-create-react-context@^0.3.0:
    version "0.3.2"
    resolved "https://registry.yarnpkg.com/mini-create-react-context/-/mini-create-react-context-0.3.2.tgz#79fc598f283dd623da8e088b05db8cddab250189"
    integrity sha512-2v+OeetEyliMt5VHMXsBhABoJ0/M4RCe7fatd/fBy6SMiKazUSEt3gxxypfnk2SHMkdBYvorHRoQxuGoiwbzAw==
    dependencies:
      "@babel/runtime" "^7.4.0"
      gud "^1.0.0"
      tiny-warning "^1.0.2"
  
  moo@^0.4.3:
    version "0.4.3"
    resolved "https://registry.yarnpkg.com/moo/-/moo-0.4.3.tgz#3f847a26f31cf625a956a87f2b10fbc013bfd10e"
    integrity sha512-gFD2xGCl8YFgGHsqJ9NKRVdwlioeW3mI1iqfLNYQOv0+6JRwG58Zk9DIGQgyIaffSYaO1xsKnMaYzzNr1KyIAw==
  
  nearley@^2.7.10:
    version "2.18.0"
    resolved "https://registry.yarnpkg.com/nearley/-/nearley-2.18.0.tgz#a9193612dd6d528a2e47e743b1dc694cfe105223"
    integrity sha512-/zQOMCeJcioI0xJtd5RpBiWw2WP7wLe6vq8/3Yu0rEwgus/G/+pViX80oA87JdVgjRt2895mZSv2VfZmy4W1uw==
    dependencies:
      commander "^2.19.0"
      moo "^0.4.3"
      railroad-diagrams "^1.0.0"
      randexp "0.4.6"
      semver "^5.4.1"
  
  normalize-scroll-left@^0.2.0:
    version "0.2.0"
    resolved "https://registry.yarnpkg.com/normalize-scroll-left/-/normalize-scroll-left-0.2.0.tgz#9445d74275f303cc661e113329aefa492f58114c"
    integrity sha512-t5oCENZJl8TGusJKoCJm7+asaSsPuNmK6+iEjrZ5TyBj2f02brCRsd4c83hwtu+e5d4LCSBZ0uoDlMjBo+A8yA==
  
  nth-check@~1.0.1:
    version "1.0.2"
    resolved "https://registry.yarnpkg.com/nth-check/-/nth-check-1.0.2.tgz#b2bd295c37e3dd58a3bf0700376663ba4d9cf05c"
    integrity sha512-WeBOdju8SnzPN5vTUJYxYUxLeXpCaVP5i5e0LF8fg7WORF2Wd7wFX/pk0tYZk7s8T+J7VLy0Da6J1+wCT0AtHg==
    dependencies:
      boolbase "~1.0.0"
  
  object-assign@^4.1.1:
    version "4.1.1"
    resolved "https://registry.yarnpkg.com/object-assign/-/object-assign-4.1.1.tgz#2109adc7965887cfc05cbbd442cac8bfbb360863"
    integrity sha1-IQmtx5ZYh8/AXLvUQsrIv7s2CGM=
  
  object-inspect@^1.6.0:
    version "1.6.0"
    resolved "https://registry.yarnpkg.com/object-inspect/-/object-inspect-1.6.0.tgz#c70b6cbf72f274aab4c34c0c82f5167bf82cf15b"
    integrity sha512-GJzfBZ6DgDAmnuaM3104jR4s1Myxr3Y3zfIyN4z3UdqN69oSRacNK8UhnobDdC+7J2AHCjGwxQubNJfE70SXXQ==
  
  object-is@^1.0.1:
    version "1.0.1"
    resolved "https://registry.yarnpkg.com/object-is/-/object-is-1.0.1.tgz#0aa60ec9989a0b3ed795cf4d06f62cf1ad6539b6"
    integrity sha1-CqYOyZiaCz7Xlc9NBvYs8a1lObY=
  
  object-keys@^1.0.11, object-keys@^1.0.12:
    version "1.1.1"
    resolved "https://registry.yarnpkg.com/object-keys/-/object-keys-1.1.1.tgz#1c47f272df277f3b1daf061677d9c82e2322c60e"
    integrity sha512-NuAESUOUMrlIXOfHKzD6bpPu3tYt3xvjNdRIQ+FeT0lNb4K8WR70CaDxhuNguS2XG+GjkyMwOzsN5ZktImfhLA==
  
  object.assign@^4.1.0:
    version "4.1.0"
    resolved "https://registry.yarnpkg.com/object.assign/-/object.assign-4.1.0.tgz#968bf1100d7956bb3ca086f006f846b3bc4008da"
    integrity sha512-exHJeq6kBKj58mqGyTQ9DFvrZC/eR6OwxzoM9YRoGBqrXYonaFyGiFMuc9VZrXf7DarreEwMpurG3dd+CNyW5w==
    dependencies:
      define-properties "^1.1.2"
      function-bind "^1.1.1"
      has-symbols "^1.0.0"
      object-keys "^1.0.11"
  
  object.entries@^1.0.4, object.entries@^1.1.0:
    version "1.1.0"
    resolved "https://registry.yarnpkg.com/object.entries/-/object.entries-1.1.0.tgz#2024fc6d6ba246aee38bdb0ffd5cfbcf371b7519"
    integrity sha512-l+H6EQ8qzGRxbkHOd5I/aHRhHDKoQXQ8g0BYt4uSweQU1/J6dZUOyWh9a2Vky35YCKjzmgxOzta2hH6kf9HuXA==
    dependencies:
      define-properties "^1.1.3"
      es-abstract "^1.12.0"
      function-bind "^1.1.1"
      has "^1.0.3"
  
  object.fromentries@^2.0.0:
    version "2.0.0"
    resolved "https://registry.yarnpkg.com/object.fromentries/-/object.fromentries-2.0.0.tgz#49a543d92151f8277b3ac9600f1e930b189d30ab"
    integrity sha512-9iLiI6H083uiqUuvzyY6qrlmc/Gz8hLQFOcb/Ri/0xXFkSNS3ctV+CbE6yM2+AnkYfOB3dGjdzC0wrMLIhQICA==
    dependencies:
      define-properties "^1.1.2"
      es-abstract "^1.11.0"
      function-bind "^1.1.1"
      has "^1.0.1"
  
  object.values@^1.0.4, object.values@^1.1.0:
    version "1.1.0"
    resolved "https://registry.yarnpkg.com/object.values/-/object.values-1.1.0.tgz#bf6810ef5da3e5325790eaaa2be213ea84624da9"
    integrity sha512-8mf0nKLAoFX6VlNVdhGj31SVYpaNFtUnuoOXWyFEstsWRgU837AK+JYM0iAxwkSzGRbwn8cbFmgbyxj1j4VbXg==
    dependencies:
      define-properties "^1.1.3"
      es-abstract "^1.12.0"
      function-bind "^1.1.1"
      has "^1.0.3"
  
  parse5@^3.0.1:
    version "3.0.3"
    resolved "https://registry.yarnpkg.com/parse5/-/parse5-3.0.3.tgz#042f792ffdd36851551cf4e9e066b3874ab45b5c"
    integrity sha512-rgO9Zg5LLLkfJF9E6CCmXlSE4UVceloys8JrFqCcHloC3usd/kJCyPDwH2SOlzix2j3xaP9sUX3e8+kvkuleAA==
    dependencies:
      "@types/node" "*"
  
  path-to-regexp@^1.7.0:
    version "1.7.0"
    resolved "https://registry.yarnpkg.com/path-to-regexp/-/path-to-regexp-1.7.0.tgz#59fde0f435badacba103a84e9d3bc64e96b9937d"
    integrity sha1-Wf3g9DW62suhA6hOnTvGTpa5k30=
    dependencies:
      isarray "0.0.1"
  
  performance-now@^2.1.0:
    version "2.1.0"
    resolved "https://registry.yarnpkg.com/performance-now/-/performance-now-2.1.0.tgz#6309f4e0e5fa913ec1c69307ae364b4b377c9e7b"
    integrity sha1-Ywn04OX6kT7BxpMHrjZLSzd8nns=
  
  popper.js@^1.14.1:
    version "1.15.0"
    resolved "https://registry.yarnpkg.com/popper.js/-/popper.js-1.15.0.tgz#5560b99bbad7647e9faa475c6b8056621f5a4ff2"
    integrity sha512-w010cY1oCUmI+9KwwlWki+r5jxKfTFDVoadl7MSrIujHU5MJ5OR6HTDj6Xo8aoR/QsA56x8jKjA59qGH4ELtrA==
  
  prop-types-exact@^1.2.0:
    version "1.2.0"
    resolved "https://registry.yarnpkg.com/prop-types-exact/-/prop-types-exact-1.2.0.tgz#825d6be46094663848237e3925a98c6e944e9869"
    integrity sha512-K+Tk3Kd9V0odiXFP9fwDHUYRyvK3Nun3GVyPapSIs5OBkITAm15W0CPFD/YKTkMUAbc0b9CUwRQp2ybiBIq+eA==
    dependencies:
      has "^1.0.3"
      object.assign "^4.1.0"
      reflect.ownkeys "^0.2.0"
  
  prop-types@^15.6.2, prop-types@^15.7.2:
    version "15.7.2"
    resolved "https://registry.yarnpkg.com/prop-types/-/prop-types-15.7.2.tgz#52c41e75b8c87e72b9d9360e0206b99dcbffa6c5"
    integrity sha512-8QQikdH7//R2vurIJSutZ1smHYTcLpRWEOlHnzcWHmBYrOGUysKwSsrC89BCiFj3CbrfJ/nXFdJepOVrY1GCHQ==
    dependencies:
      loose-envify "^1.4.0"
      object-assign "^4.1.1"
      react-is "^16.8.1"
  
  raf@^3.4.0:
    version "3.4.1"
    resolved "https://registry.yarnpkg.com/raf/-/raf-3.4.1.tgz#0742e99a4a6552f445d73e3ee0328af0ff1ede39"
    integrity sha512-Sq4CW4QhwOHE8ucn6J34MqtZCeWFP2aQSmrlroYgqAV1PjStIhJXxYuTgUIfkEk7zTLjmIjLmU5q+fbD1NnOJA==
    dependencies:
      performance-now "^2.1.0"
  
  railroad-diagrams@^1.0.0:
    version "1.0.0"
    resolved "https://registry.yarnpkg.com/railroad-diagrams/-/railroad-diagrams-1.0.0.tgz#eb7e6267548ddedfb899c1b90e57374559cddb7e"
    integrity sha1-635iZ1SN3t+4mcG5Dlc3RVnN234=
  
  randexp@0.4.6:
    version "0.4.6"
    resolved "https://registry.yarnpkg.com/randexp/-/randexp-0.4.6.tgz#e986ad5e5e31dae13ddd6f7b3019aa7c87f60ca3"
    integrity sha512-80WNmd9DA0tmZrw9qQa62GPPWfuXJknrmVmLcxvq4uZBdYqb1wYoKTmnlGUchvVWe0XiLupYkBoXVOxz3C8DYQ==
    dependencies:
      discontinuous-range "1.0.0"
      ret "~0.1.10"
  
  react-dom@latest:
    version "16.9.0"
    resolved "https://registry.yarnpkg.com/react-dom/-/react-dom-16.9.0.tgz#5e65527a5e26f22ae3701131bcccaee9fb0d3962"
    integrity sha512-YFT2rxO9hM70ewk9jq0y6sQk8cL02xm4+IzYBz75CQGlClQQ1Bxq0nhHF6OtSbit+AIahujJgb/CPRibFkMNJQ==
    dependencies:
      loose-envify "^1.1.0"
      object-assign "^4.1.1"
      prop-types "^15.6.2"
      scheduler "^0.15.0"
  
  react-is@^16.6.0, react-is@^16.7.0, react-is@^16.8.1, react-is@^16.8.6, react-is@^16.9.0:
    version "16.9.0"
    resolved "https://registry.yarnpkg.com/react-is/-/react-is-16.9.0.tgz#21ca9561399aad0ff1a7701c01683e8ca981edcb"
    integrity sha512-tJBzzzIgnnRfEm046qRcURvwQnZVXmuCbscxUO5RWrGTXpon2d4c8mI0D8WE6ydVIm29JiLB6+RslkIvym9Rjw==
  
  react-router-dom@^5.0.1:
    version "5.0.1"
    resolved "https://registry.yarnpkg.com/react-router-dom/-/react-router-dom-5.0.1.tgz#ee66f4a5d18b6089c361958e443489d6bab714be"
    integrity sha512-zaVHSy7NN0G91/Bz9GD4owex5+eop+KvgbxXsP/O+iW1/Ln+BrJ8QiIR5a6xNPtrdTvLkxqlDClx13QO1uB8CA==
    dependencies:
      "@babel/runtime" "^7.1.2"
      history "^4.9.0"
      loose-envify "^1.3.1"
      prop-types "^15.6.2"
      react-router "5.0.1"
      tiny-invariant "^1.0.2"
      tiny-warning "^1.0.0"
  
  react-router@5.0.1:
    version "5.0.1"
    resolved "https://registry.yarnpkg.com/react-router/-/react-router-5.0.1.tgz#04ee77df1d1ab6cb8939f9f01ad5702dbadb8b0f"
    integrity sha512-EM7suCPNKb1NxcTZ2LEOWFtQBQRQXecLxVpdsP4DW4PbbqYWeRiLyV/Tt1SdCrvT2jcyXAXmVTmzvSzrPR63Bg==
    dependencies:
      "@babel/runtime" "^7.1.2"
      history "^4.9.0"
      hoist-non-react-statics "^3.1.0"
      loose-envify "^1.3.1"
      mini-create-react-context "^0.3.0"
      path-to-regexp "^1.7.0"
      prop-types "^15.6.2"
      react-is "^16.6.0"
      tiny-invariant "^1.0.2"
      tiny-warning "^1.0.0"
  
  react-test-renderer@^16.0.0-0:
    version "16.9.0"
    resolved "https://registry.yarnpkg.com/react-test-renderer/-/react-test-renderer-16.9.0.tgz#7ed657a374af47af88f66f33a3ef99c9610c8ae9"
    integrity sha512-R62stB73qZyhrJo7wmCW9jgl/07ai+YzvouvCXIJLBkRlRqLx4j9RqcLEAfNfU3OxTGucqR2Whmn3/Aad6L3hQ==
    dependencies:
      object-assign "^4.1.1"
      prop-types "^15.6.2"
      react-is "^16.9.0"
      scheduler "^0.15.0"
  
  react-transition-group@^4.0.0, react-transition-group@^4.2.2:
    version "4.2.2"
    resolved "https://registry.yarnpkg.com/react-transition-group/-/react-transition-group-4.2.2.tgz#8b5252410180c27fd7eebf50b185256b41799b16"
    integrity sha512-uP0tjqewtvjb7kGZFpZYPoD/NlVZmIgts9eTt1w35pAaEApPxQGv94lD3VkqyXf2aMqrSGwhs6EV/DLaoKbLSw==
    dependencies:
      "@babel/runtime" "^7.4.5"
      dom-helpers "^3.4.0"
      loose-envify "^1.4.0"
      prop-types "^15.6.2"
  
  react@latest:
    version "16.9.0"
    resolved "https://registry.yarnpkg.com/react/-/react-16.9.0.tgz#40ba2f9af13bc1a38d75dbf2f4359a5185c4f7aa"
    integrity sha512-+7LQnFBwkiw+BobzOF6N//BdoNw0ouwmSJTEm9cglOOmsg/TMiFHZLe2sEoN5M7LgJTj9oHH0gxklfnQe66S1w==
    dependencies:
      loose-envify "^1.1.0"
      object-assign "^4.1.1"
      prop-types "^15.6.2"
  
  readable-stream@^3.1.1:
    version "3.4.0"
    resolved "https://registry.yarnpkg.com/readable-stream/-/readable-stream-3.4.0.tgz#a51c26754658e0a3c21dbf59163bd45ba6f447fc"
    integrity sha512-jItXPLmrSR8jmTRmRWJXCnGJsfy85mB3Wd/uINMXA65yrnFo0cPClFIUWzo2najVNSl+mx7/4W8ttlLWJe99pQ==
    dependencies:
      inherits "^2.0.3"
      string_decoder "^1.1.1"
      util-deprecate "^1.0.1"
  
  reflect.ownkeys@^0.2.0:
    version "0.2.0"
    resolved "https://registry.yarnpkg.com/reflect.ownkeys/-/reflect.ownkeys-0.2.0.tgz#749aceec7f3fdf8b63f927a04809e90c5c0b3460"
    integrity sha1-dJrO7H8/34tj+SegSAnpDFwLNGA=
  
  regenerator-runtime@^0.13.2:
    version "0.13.3"
    resolved "https://registry.yarnpkg.com/regenerator-runtime/-/regenerator-runtime-0.13.3.tgz#7cf6a77d8f5c6f60eb73c5fc1955b2ceb01e6bf5"
    integrity sha512-naKIZz2GQ8JWh///G7L3X6LaQUAMp2lvb1rvwwsURe/VXwD6VMfr+/1NuNw3ag8v2kY1aQ/go5SNn79O9JU7yw==
  
  resolve-pathname@^2.2.0:
    version "2.2.0"
    resolved "https://registry.yarnpkg.com/resolve-pathname/-/resolve-pathname-2.2.0.tgz#7e9ae21ed815fd63ab189adeee64dc831eefa879"
    integrity sha512-bAFz9ld18RzJfddgrO2e/0S2O81710++chRMUxHjXOYKF6jTAMrUNZrEZ1PvV0zlhfjidm08iRPdTLPno1FuRg==
  
  ret@~0.1.10:
    version "0.1.15"
    resolved "https://registry.yarnpkg.com/ret/-/ret-0.1.15.tgz#b8a4825d5bdb1fc3f6f53c2bc33f81388681c7bc"
    integrity sha512-TTlYpa+OL+vMMNG24xSlQGEJ3B/RzEfUlLct7b5G/ytav+wPrplCpVMFuwzXbkecJrb6IYo1iFb0S9v37754mg==
  
  rst-selector-parser@^2.2.3:
    version "2.2.3"
    resolved "https://registry.yarnpkg.com/rst-selector-parser/-/rst-selector-parser-2.2.3.tgz#81b230ea2fcc6066c89e3472de794285d9b03d91"
    integrity sha1-gbIw6i/MYGbInjRy3nlChdmwPZE=
    dependencies:
      lodash.flattendeep "^4.4.0"
      nearley "^2.7.10"
  
  safe-buffer@~5.2.0:
    version "5.2.0"
    resolved "https://registry.yarnpkg.com/safe-buffer/-/safe-buffer-5.2.0.tgz#b74daec49b1148f88c64b68d49b1e815c1f2f519"
    integrity sha512-fZEwUGbVl7kouZs1jCdMLdt95hdIv0ZeHg6L7qPeciMZhZ+/gdesW4wgTARkrFWEpspjEATAzUGPG8N2jJiwbg==
  
  scheduler@^0.15.0:
    version "0.15.0"
    resolved "https://registry.yarnpkg.com/scheduler/-/scheduler-0.15.0.tgz#6bfcf80ff850b280fed4aeecc6513bc0b4f17f8e"
    integrity sha512-xAefmSfN6jqAa7Kuq7LIJY0bwAPG3xlCj0HMEBQk1lxYiDKZscY2xJ5U/61ZTrYbmNQbXa+gc7czPkVo11tnCg==
    dependencies:
      loose-envify "^1.1.0"
      object-assign "^4.1.1"
  
  semver@^5.4.1, semver@^5.6.0, semver@^5.7.0:
    version "5.7.1"
    resolved "https://registry.yarnpkg.com/semver/-/semver-5.7.1.tgz#a954f931aeba508d307bbf069eff0c01c96116f7"
    integrity sha512-sauaDf/PZdVgrLTNYHRtpXa1iRiKcaebiKQ1BJdpQlWH2lCvexQdX55snPFyK7QzpudqbCI0qXFfOasHdyNDGQ==
  
  string.prototype.trim@^1.1.2:
    version "1.2.0"
    resolved "https://registry.yarnpkg.com/string.prototype.trim/-/string.prototype.trim-1.2.0.tgz#75a729b10cfc1be439543dae442129459ce61e3d"
    integrity sha512-9EIjYD/WdlvLpn987+ctkLf0FfvBefOCuiEr2henD8X+7jfwPnyvTdmW8OJhj5p+M0/96mBdynLWkxUr+rHlpg==
    dependencies:
      define-properties "^1.1.3"
      es-abstract "^1.13.0"
      function-bind "^1.1.1"
  
  string_decoder@^1.1.1:
    version "1.3.0"
    resolved "https://registry.yarnpkg.com/string_decoder/-/string_decoder-1.3.0.tgz#42f114594a46cf1a8e30b0a84f56c78c3edac21e"
    integrity sha512-hkRX8U1WjJFd8LsDJ2yQ/wWWxaopEsABU1XfkM8A+j0+85JAGppt16cr1Whg6KIbb4okU6Mql6BOj+uup/wKeA==
    dependencies:
      safe-buffer "~5.2.0"
  
  tiny-invariant@^1.0.2:
    version "1.0.6"
    resolved "https://registry.yarnpkg.com/tiny-invariant/-/tiny-invariant-1.0.6.tgz#b3f9b38835e36a41c843a3b0907a5a7b3755de73"
    integrity sha512-FOyLWWVjG+aC0UqG76V53yAWdXfH8bO6FNmyZOuUrzDzK8DI3/JRY25UD7+g49JWM1LXwymsKERB+DzI0dTEQA==
  
  tiny-warning@^1.0.0, tiny-warning@^1.0.2:
    version "1.0.3"
    resolved "https://registry.yarnpkg.com/tiny-warning/-/tiny-warning-1.0.3.tgz#94a30db453df4c643d0fd566060d60a875d84754"
    integrity sha512-lBN9zLN/oAf68o3zNXYrdCt1kP8WsiGW8Oo2ka41b2IM5JL/S1CTyX1rW0mb/zSuJun0ZUrDxx4sqvYS2FWzPA==
  
  unquote@^1.1.0:
    version "1.1.1"
    resolved "https://registry.yarnpkg.com/unquote/-/unquote-1.1.1.tgz#8fded7324ec6e88a0ff8b905e7c098cdc086d544"
    integrity sha1-j97XMk7G6IoP+LkF58CYzcCG1UQ=
  
  util-deprecate@^1.0.1:
    version "1.0.2"
    resolved "https://registry.yarnpkg.com/util-deprecate/-/util-deprecate-1.0.2.tgz#450d4dc9fa70de732762fbd2d4a28981419a0ccf"
    integrity sha1-RQ1Nyfpw3nMnYvvS1KKJgUGaDM8=
  
  value-equal@^0.4.0:
    version "0.4.0"
    resolved "https://registry.yarnpkg.com/value-equal/-/value-equal-0.4.0.tgz#c5bdd2f54ee093c04839d71ce2e4758a6890abc7"
    integrity sha512-x+cYdNnaA3CxvMaTX0INdTCN8m8aF2uY9BvEqmxuYp8bL09cs/kWVQPVGcA35fMktdOsP69IgU7wFj/61dJHEw==
  
  warning@^4.0.1:
    version "4.0.3"
    resolved "https://registry.yarnpkg.com/warning/-/warning-4.0.3.tgz#16e9e077eb8a86d6af7d64aa1e05fd85b4678ca3"
    integrity sha512-rpJyN222KWIvHJ/F53XSZv0Zl/accqHR8et1kpaMTD/fLCRxtV8iX8czMzY7sVZupTI3zcUTg8eycS2kNF9l6w==
    dependencies:
      loose-envify "^1.0.0"
